2023-03-19 17:41:16.661  INFO 14276 --- [main] e.t.TutorialmanagementApplication        : Starting TutorialmanagementApplication using Java 17.0.6 on DESKTOP-9R5NER4 with PID 14276 (F:\STS-MARCH2023\sts-4.17.2.RELEASE\PROJECTS\tutorialmanagement\tutorialmanagement\target\classes started by Acer in F:\STS-MARCH2023\sts-4.17.2.RELEASE\PROJECTS\tutorialmanagement\tutorialmanagement)
2023-03-19 17:41:16.665  INFO 14276 --- [main] e.t.TutorialmanagementApplication        : No active profile set, falling back to 1 default profile: "default"
2023-03-19 17:41:17.190  INFO 14276 --- [main] .s.d.r.c.RepositoryConfigurationDelegate : Bootstrapping Spring Data JPA repositories in DEFAULT mode.
2023-03-19 17:41:17.235  INFO 14276 --- [main] .s.d.r.c.RepositoryConfigurationDelegate : Finished Spring Data repository scanning in 39 ms. Found 1 JPA repository interfaces.
2023-03-19 17:41:17.578  INFO 14276 --- [main] o.s.b.w.embedded.tomcat.TomcatWebServer  : Tomcat initialized with port(s): 9999 (http)
2023-03-19 17:41:17.586  INFO 14276 --- [main] o.apache.catalina.core.StandardService   : Starting service [Tomcat]
2023-03-19 17:41:17.586  INFO 14276 --- [main] org.apache.catalina.core.StandardEngine  : Starting Servlet engine: [Apache Tomcat/9.0.71]
2023-03-19 17:41:17.668  INFO 14276 --- [main] o.a.c.c.C.[Tomcat].[localhost].[/]       : Initializing Spring embedded WebApplicationContext
2023-03-19 17:41:17.669  INFO 14276 --- [main] w.s.c.ServletWebServerApplicationContext : Root WebApplicationContext: initialization completed in 957 ms
2023-03-19 17:41:17.696  INFO 14276 --- [main] com.zaxxer.hikari.HikariDataSource       : HikariPool-1 - Starting...
2023-03-19 17:41:17.836  INFO 14276 --- [main] com.zaxxer.hikari.HikariDataSource       : HikariPool-1 - Start completed.
2023-03-19 17:41:17.846  INFO 14276 --- [main] o.s.b.a.h2.H2ConsoleAutoConfiguration    : H2 console available at '/h2'. Database available at 'jdbc:h2:mem:gunjan'
2023-03-19 17:41:17.952  INFO 14276 --- [main] o.hibernate.jpa.internal.util.LogHelper  : HHH000204: Processing PersistenceUnitInfo [name: default]
2023-03-19 17:41:17.979  INFO 14276 --- [main] org.hibernate.Version                    : HHH000412: Hibernate ORM core version 5.6.15.Final
2023-03-19 17:41:18.077  INFO 14276 --- [main] o.hibernate.annotations.common.Version   : HCANN000001: Hibernate Commons Annotations {5.1.2.Final}
2023-03-19 17:41:18.142  INFO 14276 --- [main] org.hibernate.dialect.Dialect            : HHH000400: Using dialect: org.hibernate.dialect.H2Dialect
2023-03-19 17:41:18.479  INFO 14276 --- [main] o.h.e.t.j.p.i.JtaPlatformInitiator       : HHH000490: Using JtaPlatform implementation: [org.hibernate.engine.transaction.jta.platform.internal.NoJtaPlatform]
2023-03-19 17:41:18.488  INFO 14276 --- [main] j.LocalContainerEntityManagerFactoryBean : Initialized JPA EntityManagerFactory for persistence unit 'default'
2023-03-19 17:41:18.727  WARN 14276 --- [main] JpaBaseConfiguration$JpaWebConfiguration : spring.jpa.open-in-view is enabled by default. Therefore, database queries may be performed during view rendering. Explicitly configure spring.jpa.open-in-view to disable this warning
2023-03-19 17:41:18.939  WARN 14276 --- [main] ConfigServletWebServerApplicationContext : Exception encountered during context initialization - cancelling refresh attempt: org.springframework.context.ApplicationContextException: Failed to start bean 'webServerStartStop'; nested exception is org.springframework.boot.web.server.PortInUseException: Port 9999 is already in use
2023-03-19 17:41:18.940  INFO 14276 --- [main] j.LocalContainerEntityManagerFactoryBean : Closing JPA EntityManagerFactory for persistence unit 'default'
2023-03-19 17:41:18.942  INFO 14276 --- [main] com.zaxxer.hikari.HikariDataSource       : HikariPool-1 - Shutdown initiated...
2023-03-19 17:41:18.949  INFO 14276 --- [main] com.zaxxer.hikari.HikariDataSource       : HikariPool-1 - Shutdown completed.
2023-03-19 17:41:18.951  INFO 14276 --- [main] o.apache.catalina.core.StandardService   : Stopping service [Tomcat]
2023-03-19 17:41:18.962  INFO 14276 --- [main] ConditionEvaluationReportLoggingListener : 

Error starting ApplicationContext. To display the conditions report re-run your application with 'debug' enabled.
2023-03-19 17:41:18.974 ERROR 14276 --- [main] o.s.b.d.LoggingFailureAnalysisReporter   : 

***************************
APPLICATION FAILED TO START
***************************

Description:

Web server failed to start. Port 9999 was already in use.

Action:

Identify and stop the process that's listening on port 9999 or configure this application to listen on another port.

2023-03-19 17:42:07.421  INFO 9168 --- [main] e.t.TutorialmanagementApplication        : Starting TutorialmanagementApplication using Java 17.0.6 on DESKTOP-9R5NER4 with PID 9168 (F:\STS-MARCH2023\sts-4.17.2.RELEASE\PROJECTS\tutorialmanagement\tutorialmanagement\target\classes started by Acer in F:\STS-MARCH2023\sts-4.17.2.RELEASE\PROJECTS\tutorialmanagement\tutorialmanagement)
2023-03-19 17:42:07.424  INFO 9168 --- [main] e.t.TutorialmanagementApplication        : No active profile set, falling back to 1 default profile: "default"
2023-03-19 17:42:07.877  INFO 9168 --- [main] .s.d.r.c.RepositoryConfigurationDelegate : Bootstrapping Spring Data JPA repositories in DEFAULT mode.
2023-03-19 17:42:07.910  INFO 9168 --- [main] .s.d.r.c.RepositoryConfigurationDelegate : Finished Spring Data repository scanning in 29 ms. Found 1 JPA repository interfaces.
2023-03-19 17:42:08.240  INFO 9168 --- [main] o.s.b.w.embedded.tomcat.TomcatWebServer  : Tomcat initialized with port(s): 9999 (http)
2023-03-19 17:42:08.246  INFO 9168 --- [main] o.apache.catalina.core.StandardService   : Starting service [Tomcat]
2023-03-19 17:42:08.247  INFO 9168 --- [main] org.apache.catalina.core.StandardEngine  : Starting Servlet engine: [Apache Tomcat/9.0.71]
2023-03-19 17:42:08.326  INFO 9168 --- [main] o.a.c.c.C.[Tomcat].[localhost].[/]       : Initializing Spring embedded WebApplicationContext
2023-03-19 17:42:08.326  INFO 9168 --- [main] w.s.c.ServletWebServerApplicationContext : Root WebApplicationContext: initialization completed in 867 ms
2023-03-19 17:42:08.347  INFO 9168 --- [main] com.zaxxer.hikari.HikariDataSource       : HikariPool-1 - Starting...
2023-03-19 17:42:08.491  INFO 9168 --- [main] com.zaxxer.hikari.HikariDataSource       : HikariPool-1 - Start completed.
2023-03-19 17:42:08.499  INFO 9168 --- [main] o.s.b.a.h2.H2ConsoleAutoConfiguration    : H2 console available at '/h2'. Database available at 'jdbc:h2:mem:gunjan'
2023-03-19 17:42:08.594  INFO 9168 --- [main] o.hibernate.jpa.internal.util.LogHelper  : HHH000204: Processing PersistenceUnitInfo [name: default]
2023-03-19 17:42:08.629  INFO 9168 --- [main] org.hibernate.Version                    : HHH000412: Hibernate ORM core version 5.6.15.Final
2023-03-19 17:42:08.738  INFO 9168 --- [main] o.hibernate.annotations.common.Version   : HCANN000001: Hibernate Commons Annotations {5.1.2.Final}
2023-03-19 17:42:08.808  INFO 9168 --- [main] org.hibernate.dialect.Dialect            : HHH000400: Using dialect: org.hibernate.dialect.H2Dialect
2023-03-19 17:42:09.173  INFO 9168 --- [main] o.h.e.t.j.p.i.JtaPlatformInitiator       : HHH000490: Using JtaPlatform implementation: [org.hibernate.engine.transaction.jta.platform.internal.NoJtaPlatform]
2023-03-19 17:42:09.181  INFO 9168 --- [main] j.LocalContainerEntityManagerFactoryBean : Initialized JPA EntityManagerFactory for persistence unit 'default'
2023-03-19 17:42:09.571  WARN 9168 --- [main] JpaBaseConfiguration$JpaWebConfiguration : spring.jpa.open-in-view is enabled by default. Therefore, database queries may be performed during view rendering. Explicitly configure spring.jpa.open-in-view to disable this warning
2023-03-19 17:42:09.812  WARN 9168 --- [main] ConfigServletWebServerApplicationContext : Exception encountered during context initialization - cancelling refresh attempt: org.springframework.context.ApplicationContextException: Failed to start bean 'webServerStartStop'; nested exception is org.springframework.boot.web.server.PortInUseException: Port 9999 is already in use
2023-03-19 17:42:09.813  INFO 9168 --- [main] j.LocalContainerEntityManagerFactoryBean : Closing JPA EntityManagerFactory for persistence unit 'default'
2023-03-19 17:42:09.814  INFO 9168 --- [main] com.zaxxer.hikari.HikariDataSource       : HikariPool-1 - Shutdown initiated...
2023-03-19 17:42:09.816  INFO 9168 --- [main] com.zaxxer.hikari.HikariDataSource       : HikariPool-1 - Shutdown completed.
2023-03-19 17:42:09.818  INFO 9168 --- [main] o.apache.catalina.core.StandardService   : Stopping service [Tomcat]
2023-03-19 17:42:09.829  INFO 9168 --- [main] ConditionEvaluationReportLoggingListener : 

Error starting ApplicationContext. To display the conditions report re-run your application with 'debug' enabled.
2023-03-19 17:42:09.844 ERROR 9168 --- [main] o.s.b.d.LoggingFailureAnalysisReporter   : 

***************************
APPLICATION FAILED TO START
***************************

Description:

Web server failed to start. Port 9999 was already in use.

Action:

Identify and stop the process that's listening on port 9999 or configure this application to listen on another port.

